Arguments: 
  /usr/local/bin/node /usr/local/bin/yarn add webpack@3.0.0

PATH: 
  /usr/local/mongodb/bin:/usr/local/bin:/usr/bin:/bin:/usr/sbin:/sbin:/Library/Frameworks/Mono.framework/Versions/Current/Commands

Yarn version: 
  0.24.5

Node version: 
  6.4.0

Platform: 
  darwin x64

npm manifest: 
  {
    "name": "Documents",
    "version": "v0.0.1",
    "description": "microServices",
    "main": "yes",
    "author": "Wave <372969383@qq.com>",
    "license": "MIT",
    "repository": {
      "type": "git",
      "url": "https://github.com/AyAmeng/microServices.git"
    }
  }

yarn manifest: 
  No manifest

Lockfile: 
  # THIS IS AN AUTOGENERATED FILE. DO NOT EDIT THIS FILE DIRECTLY.
  # yarn lockfile v1

Trace: 
  Error: https://registry.yarnpkg.com/webpack: ETIMEDOUT
      at Timeout._onTimeout (/usr/local/lib/node_modules/yarn/node_modules/.2.81.0@request/request.js:852:19)
      at tryOnTimeout (timers.js:232:11)
      at Timer.listOnTimeout (timers.js:202:5)
